This file contains any messages produced by compilers while
running configure, to aid debugging if configure makes a mistake.

It was created by library configure 1.0, which was
generated by GNU Autoconf 2.67.  Invocation command line was

  $ ./configure 

## --------- ##
## Platform. ##
## --------- ##

hostname = devsrv
uname -m = x86_64
uname -r = 2.6.26-2-amd64
uname -s = Linux
uname -v = #1 SMP Thu Sep 16 15:56:38 UTC 2010

/usr/bin/uname -p = unknown
/bin/uname -X     = unknown

/bin/arch              = unknown
/usr/bin/arch -k       = unknown
/usr/convex/getsysinfo = unknown
/usr/bin/hostinfo      = unknown
/bin/machine           = unknown
/usr/bin/oslevel       = unknown
/bin/universe          = unknown

PATH: /usr/lib/jvm/java-6-sun-1.6.0.20/bin
PATH: /usr/lib/jvm/java-6-sun-1.6.0.20/jre/bin
PATH: /usr/local/sbin
PATH: /usr/local/bin
PATH: /usr/sbin
PATH: /usr/bin
PATH: /sbin
PATH: /bin


## ----------- ##
## Core tests. ##
## ----------- ##

configure:2816: checking for a BSD-compatible install
configure:2884: result: /usr/bin/install -c
configure:2895: checking whether build environment is sane
configure:2945: result: yes
configure:3086: checking for a thread-safe mkdir -p
configure:3125: result: /bin/mkdir -p
configure:3138: checking for gawk
configure:3168: result: no
configure:3138: checking for mawk
configure:3154: found /usr/bin/mawk
configure:3165: result: mawk
configure:3176: checking whether make sets $(MAKE)
configure:3198: result: yes
configure:3343: checking for g++
configure:3359: found /usr/bin/g++
configure:3370: result: g++
configure:3397: checking for C++ compiler version
configure:3406: g++ --version >&5
g++ (Debian 4.4.5-8) 4.4.5
Copyright (C) 2010 Free Software Foundation, Inc.
This is free software; see the source for copying conditions.  There is NO
warranty; not even for MERCHANTABILITY or FITNESS FOR A PARTICULAR PURPOSE.

configure:3417: $? = 0
configure:3406: g++ -v >&5
Using built-in specs.
Target: x86_64-linux-gnu
Configured with: ../src/configure -v --with-pkgversion='Debian 4.4.5-8' --with-bugurl=file:///usr/share/doc/gcc-4.4/README.Bugs --enable-languages=c,c++,fortran,objc,obj-c++ --prefix=/usr --program-suffix=-4.4 --enable-shared --enable-multiarch --enable-linker-build-id --with-system-zlib --libexecdir=/usr/lib --without-included-gettext --enable-threads=posix --with-gxx-include-dir=/usr/include/c++/4.4 --libdir=/usr/lib --enable-nls --enable-clocale=gnu --enable-libstdcxx-debug --enable-objc-gc --with-arch-32=i586 --with-tune=generic --enable-checking=release --build=x86_64-linux-gnu --host=x86_64-linux-gnu --target=x86_64-linux-gnu
Thread model: posix
gcc version 4.4.5 (Debian 4.4.5-8) 
configure:3417: $? = 0
configure:3406: g++ -V >&5
g++: '-V' option must have argument
configure:3417: $? = 1
configure:3406: g++ -qversion >&5
g++: unrecognized option '-qversion'
g++: no input files
configure:3417: $? = 1
configure:3437: checking whether the C++ compiler works
configure:3459: g++    conftest.cpp  >&5
configure:3463: $? = 0
configure:3511: result: yes
configure:3514: checking for C++ compiler default output file name
configure:3516: result: a.out
configure:3522: checking for suffix of executables
configure:3529: g++ -o conftest    conftest.cpp  >&5
configure:3533: $? = 0
configure:3555: result: 
configure:3577: checking whether we are cross compiling
configure:3585: g++ -o conftest    conftest.cpp  >&5
configure:3589: $? = 0
configure:3596: ./conftest
configure:3600: $? = 0
configure:3615: result: no
configure:3620: checking for suffix of object files
configure:3642: g++ -c   conftest.cpp >&5
configure:3646: $? = 0
configure:3667: result: o
configure:3671: checking whether we are using the GNU C++ compiler
configure:3690: g++ -c   conftest.cpp >&5
configure:3690: $? = 0
configure:3699: result: yes
configure:3708: checking whether g++ accepts -g
configure:3728: g++ -c -g  conftest.cpp >&5
configure:3728: $? = 0
configure:3769: result: yes
configure:3803: checking for style of include used by make
configure:3831: result: GNU
configure:3856: checking dependency style of g++
configure:3966: result: gcc3
configure:4035: checking for gcc
configure:4051: found /usr/bin/gcc
configure:4062: result: gcc
configure:4093: checking for C compiler version
configure:4102: gcc --version >&5
gcc (Debian 4.4.5-8) 4.4.5
Copyright (C) 2010 Free Software Foundation, Inc.
This is free software; see the source for copying conditions.  There is NO
warranty; not even for MERCHANTABILITY or FITNESS FOR A PARTICULAR PURPOSE.

configure:4113: $? = 0
configure:4102: gcc -v >&5
Using built-in specs.
Target: x86_64-linux-gnu
Configured with: ../src/configure -v --with-pkgversion='Debian 4.4.5-8' --with-bugurl=file:///usr/share/doc/gcc-4.4/README.Bugs --enable-languages=c,c++,fortran,objc,obj-c++ --prefix=/usr --program-suffix=-4.4 --enable-shared --enable-multiarch --enable-linker-build-id --with-system-zlib --libexecdir=/usr/lib --without-included-gettext --enable-threads=posix --with-gxx-include-dir=/usr/include/c++/4.4 --libdir=/usr/lib --enable-nls --enable-clocale=gnu --enable-libstdcxx-debug --enable-objc-gc --with-arch-32=i586 --with-tune=generic --enable-checking=release --build=x86_64-linux-gnu --host=x86_64-linux-gnu --target=x86_64-linux-gnu
Thread model: posix
gcc version 4.4.5 (Debian 4.4.5-8) 
configure:4113: $? = 0
configure:4102: gcc -V >&5
gcc: '-V' option must have argument
configure:4113: $? = 1
configure:4102: gcc -qversion >&5
gcc: unrecognized option '-qversion'
gcc: no input files
configure:4113: $? = 1
configure:4117: checking whether we are using the GNU C compiler
configure:4136: gcc -c   conftest.c >&5
configure:4136: $? = 0
configure:4145: result: yes
configure:4154: checking whether gcc accepts -g
configure:4174: gcc -c -g  conftest.c >&5
configure:4174: $? = 0
configure:4215: result: yes
configure:4232: checking for gcc option to accept ISO C89
configure:4296: gcc  -c -g -O2  conftest.c >&5
configure:4296: $? = 0
configure:4309: result: none needed
configure:4331: checking dependency style of gcc
configure:4441: result: gcc3
configure:4456: checking whether make sets $(MAKE)
configure:4478: result: yes
configure:4492: checking how to run the C preprocessor
configure:4523: gcc -E  conftest.c
configure:4523: $? = 0
configure:4537: gcc -E  conftest.c
conftest.c:11:28: error: ac_nonexistent.h: No such file or directory
configure:4537: $? = 1
configure: failed program was:
| /* confdefs.h */
| #define PACKAGE_NAME "library"
| #define PACKAGE_TARNAME "library"
| #define PACKAGE_VERSION "1.0"
| #define PACKAGE_STRING "library 1.0"
| #define PACKAGE_BUGREPORT "support@itibia.com"
| #define PACKAGE_URL ""
| #define PACKAGE "library"
| #define VERSION "1.0"
| /* end confdefs.h.  */
| #include <ac_nonexistent.h>
configure:4562: result: gcc -E
configure:4582: gcc -E  conftest.c
configure:4582: $? = 0
configure:4596: gcc -E  conftest.c
conftest.c:11:28: error: ac_nonexistent.h: No such file or directory
configure:4596: $? = 1
configure: failed program was:
| /* confdefs.h */
| #define PACKAGE_NAME "library"
| #define PACKAGE_TARNAME "library"
| #define PACKAGE_VERSION "1.0"
| #define PACKAGE_STRING "library 1.0"
| #define PACKAGE_BUGREPORT "support@itibia.com"
| #define PACKAGE_URL ""
| #define PACKAGE "library"
| #define VERSION "1.0"
| /* end confdefs.h.  */
| #include <ac_nonexistent.h>
configure:4700: checking build system type
configure:4714: result: x86_64-unknown-linux-gnu
configure:4734: checking host system type
configure:4747: result: x86_64-unknown-linux-gnu
configure:4767: checking for a sed that does not truncate output
configure:4823: result: /bin/sed
configure:4826: checking for grep that handles long lines and -e
configure:4884: result: /bin/grep
configure:4889: checking for egrep
configure:4951: result: /bin/grep -E
configure:4967: checking for ld used by gcc
configure:5034: result: /usr/bin/ld
configure:5041: checking if the linker (/usr/bin/ld) is GNU ld
configure:5056: result: yes
configure:5061: checking for /usr/bin/ld option to reload object files
configure:5068: result: -r
configure:5086: checking for BSD-compatible nm
configure:5135: result: /usr/bin/nm -B
configure:5139: checking whether ln -s works
configure:5143: result: yes
configure:5150: checking how to recognize dependent libraries
configure:5336: result: pass_all
configure:5425: gcc -c -g -O2  conftest.c >&5
configure:5428: $? = 0
configure:5552: checking for ANSI C header files
configure:5572: gcc -c -g -O2  conftest.c >&5
configure:5572: $? = 0
configure:5645: gcc -o conftest -g -O2   conftest.c  >&5
configure:5645: $? = 0
configure:5645: ./conftest
configure:5645: $? = 0
configure:5656: result: yes
configure:5669: checking for sys/types.h
configure:5669: gcc -c -g -O2  conftest.c >&5
configure:5669: $? = 0
configure:5669: result: yes
configure:5669: checking for sys/stat.h
configure:5669: gcc -c -g -O2  conftest.c >&5
configure:5669: $? = 0
configure:5669: result: yes
configure:5669: checking for stdlib.h
configure:5669: gcc -c -g -O2  conftest.c >&5
configure:5669: $? = 0
configure:5669: result: yes
configure:5669: checking for string.h
configure:5669: gcc -c -g -O2  conftest.c >&5
configure:5669: $? = 0
configure:5669: result: yes
configure:5669: checking for memory.h
configure:5669: gcc -c -g -O2  conftest.c >&5
configure:5669: $? = 0
configure:5669: result: yes
configure:5669: checking for strings.h
configure:5669: gcc -c -g -O2  conftest.c >&5
configure:5669: $? = 0
configure:5669: result: yes
configure:5669: checking for inttypes.h
configure:5669: gcc -c -g -O2  conftest.c >&5
configure:5669: $? = 0
configure:5669: result: yes
configure:5669: checking for stdint.h
configure:5669: gcc -c -g -O2  conftest.c >&5
configure:5669: $? = 0
configure:5669: result: yes
configure:5669: checking for unistd.h
configure:5669: gcc -c -g -O2  conftest.c >&5
configure:5669: $? = 0
configure:5669: result: yes
configure:5683: checking dlfcn.h usability
configure:5683: gcc -c -g -O2  conftest.c >&5
configure:5683: $? = 0
configure:5683: result: yes
configure:5683: checking dlfcn.h presence
configure:5683: gcc -E  conftest.c
configure:5683: $? = 0
configure:5683: result: yes
configure:5683: checking for dlfcn.h
configure:5683: result: yes
configure:5703: checking how to run the C++ preprocessor
configure:5730: g++ -E  conftest.cpp
configure:5730: $? = 0
configure:5744: g++ -E  conftest.cpp
conftest.cpp:22:28: error: ac_nonexistent.h: No such file or directory
configure:5744: $? = 1
configure: failed program was:
| /* confdefs.h */
| #define PACKAGE_NAME "library"
| #define PACKAGE_TARNAME "library"
| #define PACKAGE_VERSION "1.0"
| #define PACKAGE_STRING "library 1.0"
| #define PACKAGE_BUGREPORT "support@itibia.com"
| #define PACKAGE_URL ""
| #define PACKAGE "library"
| #define VERSION "1.0"
| #define STDC_HEADERS 1
| #define HAVE_SYS_TYPES_H 1
| #define HAVE_SYS_STAT_H 1
| #define HAVE_STDLIB_H 1
| #define HAVE_STRING_H 1
| #define HAVE_MEMORY_H 1
| #define HAVE_STRINGS_H 1
| #define HAVE_INTTYPES_H 1
| #define HAVE_STDINT_H 1
| #define HAVE_UNISTD_H 1
| #define HAVE_DLFCN_H 1
| /* end confdefs.h.  */
| #include <ac_nonexistent.h>
configure:5769: result: g++ -E
configure:5789: g++ -E  conftest.cpp
configure:5789: $? = 0
configure:5803: g++ -E  conftest.cpp
conftest.cpp:22:28: error: ac_nonexistent.h: No such file or directory
configure:5803: $? = 1
configure: failed program was:
| /* confdefs.h */
| #define PACKAGE_NAME "library"
| #define PACKAGE_TARNAME "library"
| #define PACKAGE_VERSION "1.0"
| #define PACKAGE_STRING "library 1.0"
| #define PACKAGE_BUGREPORT "support@itibia.com"
| #define PACKAGE_URL ""
| #define PACKAGE "library"
| #define VERSION "1.0"
| #define STDC_HEADERS 1
| #define HAVE_SYS_TYPES_H 1
| #define HAVE_SYS_STAT_H 1
| #define HAVE_STDLIB_H 1
| #define HAVE_STRING_H 1
| #define HAVE_MEMORY_H 1
| #define HAVE_STRINGS_H 1
| #define HAVE_INTTYPES_H 1
| #define HAVE_STDINT_H 1
| #define HAVE_UNISTD_H 1
| #define HAVE_DLFCN_H 1
| /* end confdefs.h.  */
| #include <ac_nonexistent.h>
configure:5887: checking for g77
configure:5917: result: no
configure:5887: checking for xlf
configure:5917: result: no
configure:5887: checking for f77
configure:5917: result: no
configure:5887: checking for frt
configure:5917: result: no
configure:5887: checking for pgf77
configure:5917: result: no
configure:5887: checking for cf77
configure:5917: result: no
configure:5887: checking for fort77
configure:5917: result: no
configure:5887: checking for fl32
configure:5917: result: no
configure:5887: checking for af77
configure:5917: result: no
configure:5887: checking for xlf90
configure:5917: result: no
configure:5887: checking for f90
configure:5917: result: no
configure:5887: checking for pgf90
configure:5917: result: no
configure:5887: checking for pghpf
configure:5917: result: no
configure:5887: checking for epcf90
configure:5917: result: no
configure:5887: checking for gfortran
configure:5917: result: no
configure:5887: checking for g95
configure:5917: result: no
configure:5887: checking for xlf95
configure:5917: result: no
configure:5887: checking for f95
configure:5917: result: no
configure:5887: checking for fort
configure:5917: result: no
configure:5887: checking for ifort
configure:5917: result: no
configure:5887: checking for ifc
configure:5917: result: no
configure:5887: checking for efc
configure:5917: result: no
configure:5887: checking for pgfortran
configure:5917: result: no
configure:5887: checking for pgf95
configure:5917: result: no
configure:5887: checking for lf95
configure:5917: result: no
configure:5887: checking for ftn
configure:5917: result: no
configure:5940: checking for Fortran 77 compiler version
configure:5949:  --version >&5
./configure: line 5951: --version: command not found
configure:5960: $? = 127
configure:5949:  -v >&5
./configure: line 5951: -v: command not found
configure:5960: $? = 127
configure:5949:  -V >&5
./configure: line 5951: -V: command not found
configure:5960: $? = 127
configure:5949:  -qversion >&5
./configure: line 5951: -qversion: command not found
configure:5960: $? = 127
configure:5969: checking whether we are using the GNU Fortran 77 compiler
configure:5982:  -c  conftest.F >&5
./configure: line 2118: -c: command not found
configure:5982: $? = 127
configure: failed program was:
|       program main
| #ifndef __GNUC__
|        choke me
| #endif
| 
|       end
configure:5991: result: no
configure:5997: checking whether  accepts -g
configure:6008:  -c -g conftest.f >&5
./configure: line 2118: -c: command not found
configure:6008: $? = 127
configure: failed program was:
|       program main
| 
|       end
configure:6016: result: no
configure:6049: checking the maximum length of command line arguments
configure:6161: result: 1572864
configure:6173: checking command to parse /usr/bin/nm -B output from gcc object
configure:6278: gcc -c -g -O2  conftest.c >&5
configure:6281: $? = 0
configure:6285: /usr/bin/nm -B conftest.o \| sed -n -e 's/^.*[ 	]\([ABCDGIRSTW][ABCDGIRSTW]*\)[ 	][ 	]*\([_A-Za-z][_A-Za-z0-9]*\)$/\1 \2 \2/p' \> conftest.nm
configure:6288: $? = 0
configure:6340: gcc -o conftest -g -O2   conftest.c conftstm.o >&5
configure:6343: $? = 0
configure:6381: result: ok
configure:6385: checking for objdir
configure:6400: result: .libs
configure:6492: checking for ar
configure:6508: found /usr/bin/ar
configure:6519: result: ar
configure:6584: checking for ranlib
configure:6600: found /usr/bin/ranlib
configure:6611: result: ranlib
configure:6676: checking for strip
configure:6692: found /usr/bin/strip
configure:6703: result: strip
configure:7264: checking if gcc supports -fno-rtti -fno-exceptions
configure:7282: gcc -c -g -O2  -fno-rtti -fno-exceptions conftest.c >&5
cc1: warning: command line option "-fno-rtti" is valid for C++/ObjC++ but not for C
configure:7286: $? = 0
configure:7299: result: no
configure:7314: checking for gcc option to produce PIC
configure:7546: result: -fPIC
configure:7554: checking if gcc PIC flag -fPIC works
configure:7572: gcc -c -g -O2  -fPIC -DPIC conftest.c >&5
configure:7576: $? = 0
configure:7589: result: yes
configure:7617: checking if gcc static flag -static works
configure:7645: result: yes
configure:7655: checking if gcc supports -c -o file.o
configure:7676: gcc -c -g -O2  -o out/conftest2.o conftest.c >&5
configure:7680: $? = 0
configure:7702: result: yes
configure:7728: checking whether the gcc linker (/usr/bin/ld -m elf_x86_64) supports shared libraries
configure:8655: result: yes
configure:8676: checking whether -lc should be explicitly linked in
configure:8681: gcc -c -g -O2  conftest.c >&5
configure:8684: $? = 0
configure:8699: gcc -shared conftest.o  -v -Wl,-soname -Wl,conftest -o conftest 2\>\&1 \| grep  -lc  \>/dev/null 2\>\&1
configure:8702: $? = 0
configure:8714: result: no
configure:8722: checking dynamic linker characteristics
configure:9336: result: GNU/Linux ld.so
configure:9360: checking how to hardcode library paths into programs
configure:9385: result: immediate
configure:9399: checking whether stripping libraries is possible
configure:9404: result: yes
configure:9921: checking if libtool supports shared libraries
configure:9923: result: yes
configure:9926: checking whether to build shared libraries
configure:9947: result: yes
configure:9950: checking whether to build static libraries
configure:9954: result: yes
configure:10048: creating libtool
configure:10637: checking for ld used by g++
configure:10704: result: /usr/bin/ld -m elf_x86_64
configure:10711: checking if the linker (/usr/bin/ld -m elf_x86_64) is GNU ld
configure:10726: result: yes
configure:10777: checking whether the g++ linker (/usr/bin/ld -m elf_x86_64) supports shared libraries
configure:11669: result: yes
configure:11686: g++ -c -g -O2  conftest.cpp >&5
configure:11689: $? = 0
configure:11845: checking for g++ option to produce PIC
configure:12129: result: -fPIC
configure:12137: checking if g++ PIC flag -fPIC works
configure:12155: g++ -c -g -O2  -fPIC -DPIC conftest.cpp >&5
configure:12159: $? = 0
configure:12172: result: yes
configure:12200: checking if g++ static flag -static works
configure:12228: result: yes
configure:12238: checking if g++ supports -c -o file.o
configure:12259: g++ -c -g -O2  -o out/conftest2.o conftest.cpp >&5
configure:12263: $? = 0
configure:12285: result: yes
configure:12311: checking whether the g++ linker (/usr/bin/ld -m elf_x86_64) supports shared libraries
configure:12340: result: yes
configure:12407: checking dynamic linker characteristics
configure:12969: result: GNU/Linux ld.so
configure:12993: checking how to hardcode library paths into programs
configure:13018: result: immediate
configure:19204: checking for ranlib
configure:19231: result: ranlib
configure:19261: checking for dirent.h that defines DIR
configure:19280: gcc -c -g -O2  conftest.c >&5
configure:19280: $? = 0
configure:19288: result: yes
configure:19301: checking for library containing opendir
configure:19332: gcc -o conftest -g -O2   conftest.c  >&5
configure:19332: $? = 0
configure:19349: result: none required
configure:19416: checking for ANSI C header files
configure:19520: result: yes
configure:19528: checking for sys/wait.h that is POSIX.1 compatible
configure:19554: gcc -c -g -O2  conftest.c >&5
configure:19554: $? = 0
configure:19561: result: yes
configure:19572: checking arpa/inet.h usability
configure:19572: gcc -c -g -O2  conftest.c >&5
configure:19572: $? = 0
configure:19572: result: yes
configure:19572: checking arpa/inet.h presence
configure:19572: gcc -E  conftest.c
configure:19572: $? = 0
configure:19572: result: yes
configure:19572: checking for arpa/inet.h
configure:19572: result: yes
configure:19572: checking fcntl.h usability
configure:19572: gcc -c -g -O2  conftest.c >&5
configure:19572: $? = 0
configure:19572: result: yes
configure:19572: checking fcntl.h presence
configure:19572: gcc -E  conftest.c
configure:19572: $? = 0
configure:19572: result: yes
configure:19572: checking for fcntl.h
configure:19572: result: yes
configure:19572: checking for inttypes.h
configure:19572: result: yes
configure:19572: checking malloc.h usability
configure:19572: gcc -c -g -O2  conftest.c >&5
configure:19572: $? = 0
configure:19572: result: yes
configure:19572: checking malloc.h presence
configure:19572: gcc -E  conftest.c
configure:19572: $? = 0
configure:19572: result: yes
configure:19572: checking for malloc.h
configure:19572: result: yes
configure:19572: checking netdb.h usability
configure:19572: gcc -c -g -O2  conftest.c >&5
configure:19572: $? = 0
configure:19572: result: yes
configure:19572: checking netdb.h presence
configure:19572: gcc -E  conftest.c
configure:19572: $? = 0
configure:19572: result: yes
configure:19572: checking for netdb.h
configure:19572: result: yes
configure:19572: checking netinet/in.h usability
configure:19572: gcc -c -g -O2  conftest.c >&5
configure:19572: $? = 0
configure:19572: result: yes
configure:19572: checking netinet/in.h presence
configure:19572: gcc -E  conftest.c
configure:19572: $? = 0
configure:19572: result: yes
configure:19572: checking for netinet/in.h
configure:19572: result: yes
configure:19572: checking for stdint.h
configure:19572: result: yes
configure:19572: checking for stdlib.h
configure:19572: result: yes
configure:19572: checking for string.h
configure:19572: result: yes
configure:19572: checking for strings.h
configure:19572: result: yes
configure:19572: checking sys/ioctl.h usability
configure:19572: gcc -c -g -O2  conftest.c >&5
configure:19572: $? = 0
configure:19572: result: yes
configure:19572: checking sys/ioctl.h presence
configure:19572: gcc -E  conftest.c
configure:19572: $? = 0
configure:19572: result: yes
configure:19572: checking for sys/ioctl.h
configure:19572: result: yes
configure:19572: checking sys/socket.h usability
configure:19572: gcc -c -g -O2  conftest.c >&5
configure:19572: $? = 0
configure:19572: result: yes
configure:19572: checking sys/socket.h presence
configure:19572: gcc -E  conftest.c
configure:19572: $? = 0
configure:19572: result: yes
configure:19572: checking for sys/socket.h
configure:19572: result: yes
configure:19572: checking sys/time.h usability
configure:19572: gcc -c -g -O2  conftest.c >&5
configure:19572: $? = 0
configure:19572: result: yes
configure:19572: checking sys/time.h presence
configure:19572: gcc -E  conftest.c
configure:19572: $? = 0
configure:19572: result: yes
configure:19572: checking for sys/time.h
configure:19572: result: yes
configure:19572: checking syslog.h usability
configure:19572: gcc -c -g -O2  conftest.c >&5
configure:19572: $? = 0
configure:19572: result: yes
configure:19572: checking syslog.h presence
configure:19572: gcc -E  conftest.c
configure:19572: $? = 0
configure:19572: result: yes
configure:19572: checking for syslog.h
configure:19572: result: yes
configure:19572: checking for unistd.h
configure:19572: result: yes
configure:19585: checking for stdbool.h that conforms to C99
configure:19670: gcc -c -g -O2  conftest.c >&5
configure:19670: $? = 0
configure:19677: result: yes
configure:19679: checking for _Bool
configure:19679: gcc -c -g -O2  conftest.c >&5
configure:19679: $? = 0
configure:19679: gcc -c -g -O2  conftest.c >&5
conftest.c: In function 'main':
conftest.c:76: error: expected expression before ')' token
configure:19679: $? = 1
configure: failed program was:
| /* confdefs.h */
| #define PACKAGE_NAME "library"
| #define PACKAGE_TARNAME "library"
| #define PACKAGE_VERSION "1.0"
| #define PACKAGE_STRING "library 1.0"
| #define PACKAGE_BUGREPORT "support@itibia.com"
| #define PACKAGE_URL ""
| #define PACKAGE "library"
| #define VERSION "1.0"
| #define STDC_HEADERS 1
| #define HAVE_SYS_TYPES_H 1
| #define HAVE_SYS_STAT_H 1
| #define HAVE_STDLIB_H 1
| #define HAVE_STRING_H 1
| #define HAVE_MEMORY_H 1
| #define HAVE_STRINGS_H 1
| #define HAVE_INTTYPES_H 1
| #define HAVE_STDINT_H 1
| #define HAVE_UNISTD_H 1
| #define HAVE_DLFCN_H 1
| #define HAVE_DIRENT_H 1
| #define STDC_HEADERS 1
| #define HAVE_SYS_WAIT_H 1
| #define HAVE_ARPA_INET_H 1
| #define HAVE_FCNTL_H 1
| #define HAVE_INTTYPES_H 1
| #define HAVE_MALLOC_H 1
| #define HAVE_NETDB_H 1
| #define HAVE_NETINET_IN_H 1
| #define HAVE_STDINT_H 1
| #define HAVE_STDLIB_H 1
| #define HAVE_STRING_H 1
| #define HAVE_STRINGS_H 1
| #define HAVE_SYS_IOCTL_H 1
| #define HAVE_SYS_SOCKET_H 1
| #define HAVE_SYS_TIME_H 1
| #define HAVE_SYSLOG_H 1
| #define HAVE_UNISTD_H 1
| /* end confdefs.h.  */
| #include <stdio.h>
| #ifdef HAVE_SYS_TYPES_H
| # include <sys/types.h>
| #endif
| #ifdef HAVE_SYS_STAT_H
| # include <sys/stat.h>
| #endif
| #ifdef STDC_HEADERS
| # include <stdlib.h>
| # include <stddef.h>
| #else
| # ifdef HAVE_STDLIB_H
| #  include <stdlib.h>
| # endif
| #endif
| #ifdef HAVE_STRING_H
| # if !defined STDC_HEADERS && defined HAVE_MEMORY_H
| #  include <memory.h>
| # endif
| # include <string.h>
| #endif
| #ifdef HAVE_STRINGS_H
| # include <strings.h>
| #endif
| #ifdef HAVE_INTTYPES_H
| # include <inttypes.h>
| #endif
| #ifdef HAVE_STDINT_H
| # include <stdint.h>
| #endif
| #ifdef HAVE_UNISTD_H
| # include <unistd.h>
| #endif
| int
| main ()
| {
| if (sizeof ((_Bool)))
| 	    return 0;
|   ;
|   return 0;
| }
configure:19679: result: yes
configure:19695: checking for an ANSI C-conforming const
configure:19760: gcc -c -g -O2  conftest.c >&5
configure:19760: $? = 0
configure:19767: result: yes
configure:19775: checking for uid_t in sys/types.h
configure:19794: result: yes
configure:19805: checking for inline
configure:19821: gcc -c -g -O2  conftest.c >&5
configure:19821: $? = 0
configure:19829: result: inline
configure:19847: checking for pid_t
configure:19847: gcc -c -g -O2  conftest.c >&5
configure:19847: $? = 0
configure:19847: gcc -c -g -O2  conftest.c >&5
conftest.c: In function 'main':
conftest.c:78: error: expected expression before ')' token
configure:19847: $? = 1
configure: failed program was:
| /* confdefs.h */
| #define PACKAGE_NAME "library"
| #define PACKAGE_TARNAME "library"
| #define PACKAGE_VERSION "1.0"
| #define PACKAGE_STRING "library 1.0"
| #define PACKAGE_BUGREPORT "support@itibia.com"
| #define PACKAGE_URL ""
| #define PACKAGE "library"
| #define VERSION "1.0"
| #define STDC_HEADERS 1
| #define HAVE_SYS_TYPES_H 1
| #define HAVE_SYS_STAT_H 1
| #define HAVE_STDLIB_H 1
| #define HAVE_STRING_H 1
| #define HAVE_MEMORY_H 1
| #define HAVE_STRINGS_H 1
| #define HAVE_INTTYPES_H 1
| #define HAVE_STDINT_H 1
| #define HAVE_UNISTD_H 1
| #define HAVE_DLFCN_H 1
| #define HAVE_DIRENT_H 1
| #define STDC_HEADERS 1
| #define HAVE_SYS_WAIT_H 1
| #define HAVE_ARPA_INET_H 1
| #define HAVE_FCNTL_H 1
| #define HAVE_INTTYPES_H 1
| #define HAVE_MALLOC_H 1
| #define HAVE_NETDB_H 1
| #define HAVE_NETINET_IN_H 1
| #define HAVE_STDINT_H 1
| #define HAVE_STDLIB_H 1
| #define HAVE_STRING_H 1
| #define HAVE_STRINGS_H 1
| #define HAVE_SYS_IOCTL_H 1
| #define HAVE_SYS_SOCKET_H 1
| #define HAVE_SYS_TIME_H 1
| #define HAVE_SYSLOG_H 1
| #define HAVE_UNISTD_H 1
| #define HAVE__BOOL 1
| #define HAVE_STDBOOL_H 1
| /* end confdefs.h.  */
| #include <stdio.h>
| #ifdef HAVE_SYS_TYPES_H
| # include <sys/types.h>
| #endif
| #ifdef HAVE_SYS_STAT_H
| # include <sys/stat.h>
| #endif
| #ifdef STDC_HEADERS
| # include <stdlib.h>
| # include <stddef.h>
| #else
| # ifdef HAVE_STDLIB_H
| #  include <stdlib.h>
| # endif
| #endif
| #ifdef HAVE_STRING_H
| # if !defined STDC_HEADERS && defined HAVE_MEMORY_H
| #  include <memory.h>
| # endif
| # include <string.h>
| #endif
| #ifdef HAVE_STRINGS_H
| # include <strings.h>
| #endif
| #ifdef HAVE_INTTYPES_H
| # include <inttypes.h>
| #endif
| #ifdef HAVE_STDINT_H
| # include <stdint.h>
| #endif
| #ifdef HAVE_UNISTD_H
| # include <unistd.h>
| #endif
| int
| main ()
| {
| if (sizeof ((pid_t)))
| 	    return 0;
|   ;
|   return 0;
| }
configure:19847: result: yes
configure:19858: checking for size_t
configure:19858: gcc -c -g -O2  conftest.c >&5
configure:19858: $? = 0
configure:19858: gcc -c -g -O2  conftest.c >&5
conftest.c: In function 'main':
conftest.c:78: error: expected expression before ')' token
configure:19858: $? = 1
configure: failed program was:
| /* confdefs.h */
| #define PACKAGE_NAME "library"
| #define PACKAGE_TARNAME "library"
| #define PACKAGE_VERSION "1.0"
| #define PACKAGE_STRING "library 1.0"
| #define PACKAGE_BUGREPORT "support@itibia.com"
| #define PACKAGE_URL ""
| #define PACKAGE "library"
| #define VERSION "1.0"
| #define STDC_HEADERS 1
| #define HAVE_SYS_TYPES_H 1
| #define HAVE_SYS_STAT_H 1
| #define HAVE_STDLIB_H 1
| #define HAVE_STRING_H 1
| #define HAVE_MEMORY_H 1
| #define HAVE_STRINGS_H 1
| #define HAVE_INTTYPES_H 1
| #define HAVE_STDINT_H 1
| #define HAVE_UNISTD_H 1
| #define HAVE_DLFCN_H 1
| #define HAVE_DIRENT_H 1
| #define STDC_HEADERS 1
| #define HAVE_SYS_WAIT_H 1
| #define HAVE_ARPA_INET_H 1
| #define HAVE_FCNTL_H 1
| #define HAVE_INTTYPES_H 1
| #define HAVE_MALLOC_H 1
| #define HAVE_NETDB_H 1
| #define HAVE_NETINET_IN_H 1
| #define HAVE_STDINT_H 1
| #define HAVE_STDLIB_H 1
| #define HAVE_STRING_H 1
| #define HAVE_STRINGS_H 1
| #define HAVE_SYS_IOCTL_H 1
| #define HAVE_SYS_SOCKET_H 1
| #define HAVE_SYS_TIME_H 1
| #define HAVE_SYSLOG_H 1
| #define HAVE_UNISTD_H 1
| #define HAVE__BOOL 1
| #define HAVE_STDBOOL_H 1
| /* end confdefs.h.  */
| #include <stdio.h>
| #ifdef HAVE_SYS_TYPES_H
| # include <sys/types.h>
| #endif
| #ifdef HAVE_SYS_STAT_H
| # include <sys/stat.h>
| #endif
| #ifdef STDC_HEADERS
| # include <stdlib.h>
| # include <stddef.h>
| #else
| # ifdef HAVE_STDLIB_H
| #  include <stdlib.h>
| # endif
| #endif
| #ifdef HAVE_STRING_H
| # if !defined STDC_HEADERS && defined HAVE_MEMORY_H
| #  include <memory.h>
| # endif
| # include <string.h>
| #endif
| #ifdef HAVE_STRINGS_H
| # include <strings.h>
| #endif
| #ifdef HAVE_INTTYPES_H
| # include <inttypes.h>
| #endif
| #ifdef HAVE_STDINT_H
| # include <stdint.h>
| #endif
| #ifdef HAVE_UNISTD_H
| # include <unistd.h>
| #endif
| int
| main ()
| {
| if (sizeof ((size_t)))
| 	    return 0;
|   ;
|   return 0;
| }
configure:19858: result: yes
configure:19869: checking whether struct tm is in sys/time.h or time.h
configure:19889: gcc -c -g -O2  conftest.c >&5
configure:19889: $? = 0
configure:19896: result: time.h
configure:19908: checking for working alloca.h
configure:19925: gcc -o conftest -g -O2   conftest.c  >&5
configure:19925: $? = 0
configure:19933: result: yes
configure:19941: checking for alloca
configure:19978: gcc -o conftest -g -O2   conftest.c  >&5
configure:19978: $? = 0
configure:19986: result: yes
configure:20097: checking for unistd.h
configure:20097: result: yes
configure:20107: checking for working chown
configure:20140: gcc -o conftest -g -O2   conftest.c  >&5
configure:20140: $? = 0
configure:20140: ./conftest
configure:20140: $? = 0
configure:20152: result: yes
configure:20160: checking whether closedir returns void
configure:20184: gcc -o conftest -g -O2   conftest.c  >&5
configure:20184: $? = 0
configure:20184: ./conftest
configure:20184: $? = 0
configure:20194: result: no
configure:20204: checking vfork.h usability
configure:20204: gcc -c -g -O2  conftest.c >&5
conftest.c:79:19: error: vfork.h: No such file or directory
configure:20204: $? = 1
configure: failed program was:
| /* confdefs.h */
| #define PACKAGE_NAME "library"
| #define PACKAGE_TARNAME "library"
| #define PACKAGE_VERSION "1.0"
| #define PACKAGE_STRING "library 1.0"
| #define PACKAGE_BUGREPORT "support@itibia.com"
| #define PACKAGE_URL ""
| #define PACKAGE "library"
| #define VERSION "1.0"
| #define STDC_HEADERS 1
| #define HAVE_SYS_TYPES_H 1
| #define HAVE_SYS_STAT_H 1
| #define HAVE_STDLIB_H 1
| #define HAVE_STRING_H 1
| #define HAVE_MEMORY_H 1
| #define HAVE_STRINGS_H 1
| #define HAVE_INTTYPES_H 1
| #define HAVE_STDINT_H 1
| #define HAVE_UNISTD_H 1
| #define HAVE_DLFCN_H 1
| #define HAVE_DIRENT_H 1
| #define STDC_HEADERS 1
| #define HAVE_SYS_WAIT_H 1
| #define HAVE_ARPA_INET_H 1
| #define HAVE_FCNTL_H 1
| #define HAVE_INTTYPES_H 1
| #define HAVE_MALLOC_H 1
| #define HAVE_NETDB_H 1
| #define HAVE_NETINET_IN_H 1
| #define HAVE_STDINT_H 1
| #define HAVE_STDLIB_H 1
| #define HAVE_STRING_H 1
| #define HAVE_STRINGS_H 1
| #define HAVE_SYS_IOCTL_H 1
| #define HAVE_SYS_SOCKET_H 1
| #define HAVE_SYS_TIME_H 1
| #define HAVE_SYSLOG_H 1
| #define HAVE_UNISTD_H 1
| #define HAVE__BOOL 1
| #define HAVE_STDBOOL_H 1
| #define HAVE_ALLOCA_H 1
| #define HAVE_ALLOCA 1
| #define HAVE_UNISTD_H 1
| #define HAVE_CHOWN 1
| /* end confdefs.h.  */
| #include <stdio.h>
| #ifdef HAVE_SYS_TYPES_H
| # include <sys/types.h>
| #endif
| #ifdef HAVE_SYS_STAT_H
| # include <sys/stat.h>
| #endif
| #ifdef STDC_HEADERS
| # include <stdlib.h>
| # include <stddef.h>
| #else
| # ifdef HAVE_STDLIB_H
| #  include <stdlib.h>
| # endif
| #endif
| #ifdef HAVE_STRING_H
| # if !defined STDC_HEADERS && defined HAVE_MEMORY_H
| #  include <memory.h>
| # endif
| # include <string.h>
| #endif
| #ifdef HAVE_STRINGS_H
| # include <strings.h>
| #endif
| #ifdef HAVE_INTTYPES_H
| # include <inttypes.h>
| #endif
| #ifdef HAVE_STDINT_H
| # include <stdint.h>
| #endif
| #ifdef HAVE_UNISTD_H
| # include <unistd.h>
| #endif
| #include <vfork.h>
configure:20204: result: no
configure:20204: checking vfork.h presence
configure:20204: gcc -E  conftest.c
conftest.c:46:19: error: vfork.h: No such file or directory
configure:20204: $? = 1
configure: failed program was:
| /* confdefs.h */
| #define PACKAGE_NAME "library"
| #define PACKAGE_TARNAME "library"
| #define PACKAGE_VERSION "1.0"
| #define PACKAGE_STRING "library 1.0"
| #define PACKAGE_BUGREPORT "support@itibia.com"
| #define PACKAGE_URL ""
| #define PACKAGE "library"
| #define VERSION "1.0"
| #define STDC_HEADERS 1
| #define HAVE_SYS_TYPES_H 1
| #define HAVE_SYS_STAT_H 1
| #define HAVE_STDLIB_H 1
| #define HAVE_STRING_H 1
| #define HAVE_MEMORY_H 1
| #define HAVE_STRINGS_H 1
| #define HAVE_INTTYPES_H 1
| #define HAVE_STDINT_H 1
| #define HAVE_UNISTD_H 1
| #define HAVE_DLFCN_H 1
| #define HAVE_DIRENT_H 1
| #define STDC_HEADERS 1
| #define HAVE_SYS_WAIT_H 1
| #define HAVE_ARPA_INET_H 1
| #define HAVE_FCNTL_H 1
| #define HAVE_INTTYPES_H 1
| #define HAVE_MALLOC_H 1
| #define HAVE_NETDB_H 1
| #define HAVE_NETINET_IN_H 1
| #define HAVE_STDINT_H 1
| #define HAVE_STDLIB_H 1
| #define HAVE_STRING_H 1
| #define HAVE_STRINGS_H 1
| #define HAVE_SYS_IOCTL_H 1
| #define HAVE_SYS_SOCKET_H 1
| #define HAVE_SYS_TIME_H 1
| #define HAVE_SYSLOG_H 1
| #define HAVE_UNISTD_H 1
| #define HAVE__BOOL 1
| #define HAVE_STDBOOL_H 1
| #define HAVE_ALLOCA_H 1
| #define HAVE_ALLOCA 1
| #define HAVE_UNISTD_H 1
| #define HAVE_CHOWN 1
| /* end confdefs.h.  */
| #include <vfork.h>
configure:20204: result: no
configure:20204: checking for vfork.h
configure:20204: result: no
configure:20217: checking for fork
configure:20217: gcc -o conftest -g -O2   conftest.c  >&5
conftest.c:69: warning: conflicting types for built-in function 'fork'
configure:20217: $? = 0
configure:20217: result: yes
configure:20217: checking for vfork
configure:20217: gcc -o conftest -g -O2   conftest.c  >&5
configure:20217: $? = 0
configure:20217: result: yes
configure:20227: checking for working fork
configure:20249: gcc -o conftest -g -O2   conftest.c  >&5
configure:20249: $? = 0
configure:20249: ./conftest
configure:20249: $? = 0
configure:20259: result: yes
configure:20280: checking for working vfork
configure:20390: result: yes
configure:20416: checking whether gcc needs -traditional
configure:20450: result: no
configure:20464: checking sys/select.h usability
configure:20464: gcc -c -g -O2  conftest.c >&5
configure:20464: $? = 0
configure:20464: result: yes
configure:20464: checking sys/select.h presence
configure:20464: gcc -E  conftest.c
configure:20464: $? = 0
configure:20464: result: yes
configure:20464: checking for sys/select.h
configure:20464: result: yes
configure:20464: checking for sys/socket.h
configure:20464: result: yes
configure:20474: checking types of arguments for select
configure:20502: gcc -c -g -O2  conftest.c >&5
configure:20502: $? = 0
configure:20513: result: int,fd_set *,struct timeval *
configure:20536: checking return type of signal handlers
configure:20554: gcc -c -g -O2  conftest.c >&5
conftest.c: In function 'main':
conftest.c:61: error: void value not ignored as it ought to be
configure:20554: $? = 1
configure: failed program was:
| /* confdefs.h */
| #define PACKAGE_NAME "library"
| #define PACKAGE_TARNAME "library"
| #define PACKAGE_VERSION "1.0"
| #define PACKAGE_STRING "library 1.0"
| #define PACKAGE_BUGREPORT "support@itibia.com"
| #define PACKAGE_URL ""
| #define PACKAGE "library"
| #define VERSION "1.0"
| #define STDC_HEADERS 1
| #define HAVE_SYS_TYPES_H 1
| #define HAVE_SYS_STAT_H 1
| #define HAVE_STDLIB_H 1
| #define HAVE_STRING_H 1
| #define HAVE_MEMORY_H 1
| #define HAVE_STRINGS_H 1
| #define HAVE_INTTYPES_H 1
| #define HAVE_STDINT_H 1
| #define HAVE_UNISTD_H 1
| #define HAVE_DLFCN_H 1
| #define HAVE_DIRENT_H 1
| #define STDC_HEADERS 1
| #define HAVE_SYS_WAIT_H 1
| #define HAVE_ARPA_INET_H 1
| #define HAVE_FCNTL_H 1
| #define HAVE_INTTYPES_H 1
| #define HAVE_MALLOC_H 1
| #define HAVE_NETDB_H 1
| #define HAVE_NETINET_IN_H 1
| #define HAVE_STDINT_H 1
| #define HAVE_STDLIB_H 1
| #define HAVE_STRING_H 1
| #define HAVE_STRINGS_H 1
| #define HAVE_SYS_IOCTL_H 1
| #define HAVE_SYS_SOCKET_H 1
| #define HAVE_SYS_TIME_H 1
| #define HAVE_SYSLOG_H 1
| #define HAVE_UNISTD_H 1
| #define HAVE__BOOL 1
| #define HAVE_STDBOOL_H 1
| #define HAVE_ALLOCA_H 1
| #define HAVE_ALLOCA 1
| #define HAVE_UNISTD_H 1
| #define HAVE_CHOWN 1
| #define HAVE_FORK 1
| #define HAVE_VFORK 1
| #define HAVE_WORKING_VFORK 1
| #define HAVE_WORKING_FORK 1
| #define HAVE_SYS_SELECT_H 1
| #define HAVE_SYS_SOCKET_H 1
| #define SELECT_TYPE_ARG1 int
| #define SELECT_TYPE_ARG234 (fd_set *)
| #define SELECT_TYPE_ARG5 (struct timeval *)
| /* end confdefs.h.  */
| #include <sys/types.h>
| #include <signal.h>
| 
| int
| main ()
| {
| return *(signal (0, 0)) (0) == 1;
|   ;
|   return 0;
| }
configure:20561: result: void
configure:20569: checking whether lstat correctly handles trailing slash
configure:20595: gcc -o conftest -g -O2   conftest.c  >&5
configure:20595: $? = 0
configure:20595: ./conftest
configure:20595: $? = 0
configure:20612: result: yes
configure:20631: checking whether stat accepts an empty string
configure:20651: gcc -o conftest -g -O2   conftest.c  >&5
configure:20651: $? = 0
configure:20651: ./conftest
configure:20651: $? = 0
configure:20661: result: no
configure:20679: checking for strftime
configure:20679: gcc -o conftest -g -O2   conftest.c  >&5
conftest.c:80: warning: conflicting types for built-in function 'strftime'
configure:20679: $? = 0
configure:20679: result: yes
configure:20733: checking whether byte ordering is bigendian
configure:20748: gcc -c -g -O2  conftest.c >&5
conftest.c:59: error: expected '=', ',', ';', 'asm' or '__attribute__' before 'a'
configure:20748: $? = 1
configure: failed program was:
| /* confdefs.h */
| #define PACKAGE_NAME "library"
| #define PACKAGE_TARNAME "library"
| #define PACKAGE_VERSION "1.0"
| #define PACKAGE_STRING "library 1.0"
| #define PACKAGE_BUGREPORT "support@itibia.com"
| #define PACKAGE_URL ""
| #define PACKAGE "library"
| #define VERSION "1.0"
| #define STDC_HEADERS 1
| #define HAVE_SYS_TYPES_H 1
| #define HAVE_SYS_STAT_H 1
| #define HAVE_STDLIB_H 1
| #define HAVE_STRING_H 1
| #define HAVE_MEMORY_H 1
| #define HAVE_STRINGS_H 1
| #define HAVE_INTTYPES_H 1
| #define HAVE_STDINT_H 1
| #define HAVE_UNISTD_H 1
| #define HAVE_DLFCN_H 1
| #define HAVE_DIRENT_H 1
| #define STDC_HEADERS 1
| #define HAVE_SYS_WAIT_H 1
| #define HAVE_ARPA_INET_H 1
| #define HAVE_FCNTL_H 1
| #define HAVE_INTTYPES_H 1
| #define HAVE_MALLOC_H 1
| #define HAVE_NETDB_H 1
| #define HAVE_NETINET_IN_H 1
| #define HAVE_STDINT_H 1
| #define HAVE_STDLIB_H 1
| #define HAVE_STRING_H 1
| #define HAVE_STRINGS_H 1
| #define HAVE_SYS_IOCTL_H 1
| #define HAVE_SYS_SOCKET_H 1
| #define HAVE_SYS_TIME_H 1
| #define HAVE_SYSLOG_H 1
| #define HAVE_UNISTD_H 1
| #define HAVE__BOOL 1
| #define HAVE_STDBOOL_H 1
| #define HAVE_ALLOCA_H 1
| #define HAVE_ALLOCA 1
| #define HAVE_UNISTD_H 1
| #define HAVE_CHOWN 1
| #define HAVE_FORK 1
| #define HAVE_VFORK 1
| #define HAVE_WORKING_VFORK 1
| #define HAVE_WORKING_FORK 1
| #define HAVE_SYS_SELECT_H 1
| #define HAVE_SYS_SOCKET_H 1
| #define SELECT_TYPE_ARG1 int
| #define SELECT_TYPE_ARG234 (fd_set *)
| #define SELECT_TYPE_ARG5 (struct timeval *)
| #define RETSIGTYPE void
| #define LSTAT_FOLLOWS_SLASHED_SYMLINK 1
| #define HAVE_STRFTIME 1
| /* end confdefs.h.  */
| #ifndef __APPLE_CC__
| 	       not a universal capable compiler
| 	     #endif
| 	     typedef int dummy;
| 
configure:20793: gcc -c -g -O2  conftest.c >&5
configure:20793: $? = 0
configure:20811: gcc -c -g -O2  conftest.c >&5
conftest.c: In function 'main':
conftest.c:65: error: 'not' undeclared (first use in this function)
conftest.c:65: error: (Each undeclared identifier is reported only once
conftest.c:65: error: for each function it appears in.)
conftest.c:65: error: expected ';' before 'big'
configure:20811: $? = 1
configure: failed program was:
| /* confdefs.h */
| #define PACKAGE_NAME "library"
| #define PACKAGE_TARNAME "library"
| #define PACKAGE_VERSION "1.0"
| #define PACKAGE_STRING "library 1.0"
| #define PACKAGE_BUGREPORT "support@itibia.com"
| #define PACKAGE_URL ""
| #define PACKAGE "library"
| #define VERSION "1.0"
| #define STDC_HEADERS 1
| #define HAVE_SYS_TYPES_H 1
| #define HAVE_SYS_STAT_H 1
| #define HAVE_STDLIB_H 1
| #define HAVE_STRING_H 1
| #define HAVE_MEMORY_H 1
| #define HAVE_STRINGS_H 1
| #define HAVE_INTTYPES_H 1
| #define HAVE_STDINT_H 1
| #define HAVE_UNISTD_H 1
| #define HAVE_DLFCN_H 1
| #define HAVE_DIRENT_H 1
| #define STDC_HEADERS 1
| #define HAVE_SYS_WAIT_H 1
| #define HAVE_ARPA_INET_H 1
| #define HAVE_FCNTL_H 1
| #define HAVE_INTTYPES_H 1
| #define HAVE_MALLOC_H 1
| #define HAVE_NETDB_H 1
| #define HAVE_NETINET_IN_H 1
| #define HAVE_STDINT_H 1
| #define HAVE_STDLIB_H 1
| #define HAVE_STRING_H 1
| #define HAVE_STRINGS_H 1
| #define HAVE_SYS_IOCTL_H 1
| #define HAVE_SYS_SOCKET_H 1
| #define HAVE_SYS_TIME_H 1
| #define HAVE_SYSLOG_H 1
| #define HAVE_UNISTD_H 1
| #define HAVE__BOOL 1
| #define HAVE_STDBOOL_H 1
| #define HAVE_ALLOCA_H 1
| #define HAVE_ALLOCA 1
| #define HAVE_UNISTD_H 1
| #define HAVE_CHOWN 1
| #define HAVE_FORK 1
| #define HAVE_VFORK 1
| #define HAVE_WORKING_VFORK 1
| #define HAVE_WORKING_FORK 1
| #define HAVE_SYS_SELECT_H 1
| #define HAVE_SYS_SOCKET_H 1
| #define SELECT_TYPE_ARG1 int
| #define SELECT_TYPE_ARG234 (fd_set *)
| #define SELECT_TYPE_ARG5 (struct timeval *)
| #define RETSIGTYPE void
| #define LSTAT_FOLLOWS_SLASHED_SYMLINK 1
| #define HAVE_STRFTIME 1
| /* end confdefs.h.  */
| #include <sys/types.h>
| 		#include <sys/param.h>
| 
| int
| main ()
| {
| #if BYTE_ORDER != BIG_ENDIAN
| 		 not big endian
| 		#endif
| 
|   ;
|   return 0;
| }
configure:20939: result: no
configure:20962: checking size of int
configure:20967: gcc -o conftest -g -O2   conftest.c  >&5
configure:20967: $? = 0
configure:20967: ./conftest
configure:20967: $? = 0
configure:20981: result: 4
configure:20995: checking size of short
configure:21000: gcc -o conftest -g -O2   conftest.c  >&5
configure:21000: $? = 0
configure:21000: ./conftest
configure:21000: $? = 0
configure:21014: result: 2
configure:21028: checking size of long
configure:21033: gcc -o conftest -g -O2   conftest.c  >&5
configure:21033: $? = 0
configure:21033: ./conftest
configure:21033: $? = 0
configure:21047: result: 8
configure:21061: checking size of float
configure:21066: gcc -o conftest -g -O2   conftest.c  >&5
configure:21066: $? = 0
configure:21066: ./conftest
configure:21066: $? = 0
configure:21080: result: 4
configure:21094: checking size of double
configure:21099: gcc -o conftest -g -O2   conftest.c  >&5
configure:21099: $? = 0
configure:21099: ./conftest
configure:21099: $? = 0
configure:21113: result: 8
configure:21124: checking for pid_t
configure:21124: result: yes
configure:21135: checking for size_t
configure:21135: result: yes
configure:21150: checking for alarm
configure:21150: gcc -o conftest -g -O2   conftest.c  >&5
configure:21150: $? = 0
configure:21150: result: yes
configure:21150: checking for bzero
configure:21150: gcc -o conftest -g -O2   conftest.c  >&5
conftest.c:87: warning: conflicting types for built-in function 'bzero'
configure:21150: $? = 0
configure:21150: result: yes
configure:21150: checking for endgrent
configure:21150: gcc -o conftest -g -O2   conftest.c  >&5
configure:21150: $? = 0
configure:21150: result: yes
configure:21150: checking for endpwent
configure:21150: gcc -o conftest -g -O2   conftest.c  >&5
configure:21150: $? = 0
configure:21150: result: yes
configure:21150: checking for getcwd
configure:21150: gcc -o conftest -g -O2   conftest.c  >&5
configure:21150: $? = 0
configure:21150: result: yes
configure:21150: checking for gethostbyname
configure:21150: gcc -o conftest -g -O2   conftest.c  >&5
configure:21150: $? = 0
configure:21150: result: yes
configure:21150: checking for inet_ntoa
configure:21150: gcc -o conftest -g -O2   conftest.c  >&5
configure:21150: $? = 0
configure:21150: result: yes
configure:21150: checking for isascii
configure:21150: gcc -o conftest -g -O2   conftest.c  >&5
conftest.c:93: warning: conflicting types for built-in function 'isascii'
configure:21150: $? = 0
configure:21150: result: yes
configure:21150: checking for localtime_r
configure:21150: gcc -o conftest -g -O2   conftest.c  >&5
configure:21150: $? = 0
configure:21150: result: yes
configure:21150: checking for memmove
configure:21150: gcc -o conftest -g -O2   conftest.c  >&5
conftest.c:95: warning: conflicting types for built-in function 'memmove'
configure:21150: $? = 0
configure:21150: result: yes
configure:21150: checking for memset
configure:21150: gcc -o conftest -g -O2   conftest.c  >&5
conftest.c:96: warning: conflicting types for built-in function 'memset'
configure:21150: $? = 0
configure:21150: result: yes
configure:21150: checking for mkdir
configure:21150: gcc -o conftest -g -O2   conftest.c  >&5
configure:21150: $? = 0
configure:21150: result: yes
configure:21150: checking for regcomp
configure:21150: gcc -o conftest -g -O2   conftest.c  >&5
configure:21150: $? = 0
configure:21150: result: yes
configure:21150: checking for select
configure:21150: gcc -o conftest -g -O2   conftest.c  >&5
configure:21150: $? = 0
configure:21150: result: yes
configure:21150: checking for socket
configure:21150: gcc -o conftest -g -O2   conftest.c  >&5
configure:21150: $? = 0
configure:21150: result: yes
configure:21150: checking for strcasecmp
configure:21150: gcc -o conftest -g -O2   conftest.c  >&5
conftest.c:101: warning: conflicting types for built-in function 'strcasecmp'
configure:21150: $? = 0
configure:21150: result: yes
configure:21150: checking for strchr
configure:21150: gcc -o conftest -g -O2   conftest.c  >&5
conftest.c:102: warning: conflicting types for built-in function 'strchr'
configure:21150: $? = 0
configure:21150: result: yes
configure:21150: checking for strcspn
configure:21150: gcc -o conftest -g -O2   conftest.c  >&5
conftest.c:103: warning: conflicting types for built-in function 'strcspn'
configure:21150: $? = 0
configure:21150: result: yes
configure:21150: checking for strdup
configure:21150: gcc -o conftest -g -O2   conftest.c  >&5
conftest.c:104: warning: conflicting types for built-in function 'strdup'
configure:21150: $? = 0
configure:21150: result: yes
configure:21150: checking for strerror
configure:21150: gcc -o conftest -g -O2   conftest.c  >&5
configure:21150: $? = 0
configure:21150: result: yes
configure:21150: checking for strncasecmp
configure:21150: gcc -o conftest -g -O2   conftest.c  >&5
conftest.c:106: warning: conflicting types for built-in function 'strncasecmp'
configure:21150: $? = 0
configure:21150: result: yes
configure:21150: checking for strrchr
configure:21150: gcc -o conftest -g -O2   conftest.c  >&5
conftest.c:107: warning: conflicting types for built-in function 'strrchr'
configure:21150: $? = 0
configure:21150: result: yes
configure:21150: checking for strspn
configure:21150: gcc -o conftest -g -O2   conftest.c  >&5
conftest.c:108: warning: conflicting types for built-in function 'strspn'
configure:21150: $? = 0
configure:21150: result: yes
configure:21150: checking for strstr
configure:21150: gcc -o conftest -g -O2   conftest.c  >&5
conftest.c:109: warning: conflicting types for built-in function 'strstr'
configure:21150: $? = 0
configure:21150: result: yes
configure:21399: creating ./config.status

## ---------------------- ##
## Running config.status. ##
## ---------------------- ##

This file was extended by library config.status 1.0, which was
generated by GNU Autoconf 2.67.  Invocation command line was

  CONFIG_FILES    = 
  CONFIG_HEADERS  = 
  CONFIG_LINKS    = 
  CONFIG_COMMANDS = 
  $ ./config.status 

on devsrv

config.status:969: creating Makefile
config.status:969: creating libpool/src/Makefile
config.status:969: creating libxmlet/src/Makefile
config.status:969: creating libcwmp/src/Makefile
config.status:969: creating cwmpd/src/Makefile
config.status:969: creating tests/src/Makefile
config.status:969: creating config.h
config.status:1149: config.h is unchanged
config.status:1197: executing depfiles commands

## ---------------- ##
## Cache variables. ##
## ---------------- ##

ac_cv_build=x86_64-unknown-linux-gnu
ac_cv_c_bigendian=no
ac_cv_c_compiler_gnu=yes
ac_cv_c_const=yes
ac_cv_c_inline=inline
ac_cv_cxx_compiler_gnu=yes
ac_cv_env_CCC_set=
ac_cv_env_CCC_value=
ac_cv_env_CC_set=
ac_cv_env_CC_value=
ac_cv_env_CFLAGS_set=
ac_cv_env_CFLAGS_value=
ac_cv_env_CPPFLAGS_set=
ac_cv_env_CPPFLAGS_value=
ac_cv_env_CPP_set=
ac_cv_env_CPP_value=
ac_cv_env_CXXCPP_set=
ac_cv_env_CXXCPP_value=
ac_cv_env_CXXFLAGS_set=
ac_cv_env_CXXFLAGS_value=
ac_cv_env_CXX_set=
ac_cv_env_CXX_value=
ac_cv_env_F77_set=
ac_cv_env_F77_value=
ac_cv_env_FFLAGS_set=
ac_cv_env_FFLAGS_value=
ac_cv_env_LDFLAGS_set=
ac_cv_env_LDFLAGS_value=
ac_cv_env_LIBS_set=
ac_cv_env_LIBS_value=
ac_cv_env_build_alias_set=
ac_cv_env_build_alias_value=
ac_cv_env_host_alias_set=
ac_cv_env_host_alias_value=
ac_cv_env_target_alias_set=
ac_cv_env_target_alias_value=
ac_cv_f77_compiler_gnu=no
ac_cv_func_alarm=yes
ac_cv_func_alloca_works=yes
ac_cv_func_bzero=yes
ac_cv_func_chown_works=yes
ac_cv_func_closedir_void=no
ac_cv_func_endgrent=yes
ac_cv_func_endpwent=yes
ac_cv_func_fork=yes
ac_cv_func_fork_works=yes
ac_cv_func_getcwd=yes
ac_cv_func_gethostbyname=yes
ac_cv_func_inet_ntoa=yes
ac_cv_func_isascii=yes
ac_cv_func_localtime_r=yes
ac_cv_func_lstat_dereferences_slashed_symlink=yes
ac_cv_func_memmove=yes
ac_cv_func_memset=yes
ac_cv_func_mkdir=yes
ac_cv_func_regcomp=yes
ac_cv_func_select=yes
ac_cv_func_select_args='int,fd_set *,struct timeval *'
ac_cv_func_socket=yes
ac_cv_func_stat_empty_string_bug=no
ac_cv_func_strcasecmp=yes
ac_cv_func_strchr=yes
ac_cv_func_strcspn=yes
ac_cv_func_strdup=yes
ac_cv_func_strerror=yes
ac_cv_func_strftime=yes
ac_cv_func_strncasecmp=yes
ac_cv_func_strrchr=yes
ac_cv_func_strspn=yes
ac_cv_func_strstr=yes
ac_cv_func_vfork=yes
ac_cv_func_vfork_works=yes
ac_cv_header_arpa_inet_h=yes
ac_cv_header_dirent_dirent_h=yes
ac_cv_header_dlfcn_h=yes
ac_cv_header_fcntl_h=yes
ac_cv_header_inttypes_h=yes
ac_cv_header_malloc_h=yes
ac_cv_header_memory_h=yes
ac_cv_header_netdb_h=yes
ac_cv_header_netinet_in_h=yes
ac_cv_header_stdbool_h=yes
ac_cv_header_stdc=yes
ac_cv_header_stdint_h=yes
ac_cv_header_stdlib_h=yes
ac_cv_header_string_h=yes
ac_cv_header_strings_h=yes
ac_cv_header_sys_ioctl_h=yes
ac_cv_header_sys_select_h=yes
ac_cv_header_sys_socket_h=yes
ac_cv_header_sys_stat_h=yes
ac_cv_header_sys_time_h=yes
ac_cv_header_sys_types_h=yes
ac_cv_header_sys_wait_h=yes
ac_cv_header_syslog_h=yes
ac_cv_header_unistd_h=yes
ac_cv_header_vfork_h=no
ac_cv_host=x86_64-unknown-linux-gnu
ac_cv_objext=o
ac_cv_path_EGREP='/bin/grep -E'
ac_cv_path_GREP=/bin/grep
ac_cv_path_install='/usr/bin/install -c'
ac_cv_path_mkdir=/bin/mkdir
ac_cv_prog_AWK=mawk
ac_cv_prog_CPP='gcc -E'
ac_cv_prog_CXXCPP='g++ -E'
ac_cv_prog_ac_ct_AR=ar
ac_cv_prog_ac_ct_CC=gcc
ac_cv_prog_ac_ct_CXX=g++
ac_cv_prog_ac_ct_RANLIB=ranlib
ac_cv_prog_ac_ct_STRIP=strip
ac_cv_prog_cc_c89=
ac_cv_prog_cc_g=yes
ac_cv_prog_cxx_g=yes
ac_cv_prog_f77_g=no
ac_cv_prog_gcc_traditional=no
ac_cv_prog_make_make_set=yes
ac_cv_search_opendir='none required'
ac_cv_sizeof_double=8
ac_cv_sizeof_float=4
ac_cv_sizeof_int=4
ac_cv_sizeof_long=8
ac_cv_sizeof_short=2
ac_cv_struct_tm=time.h
ac_cv_type__Bool=yes
ac_cv_type_pid_t=yes
ac_cv_type_signal=void
ac_cv_type_size_t=yes
ac_cv_type_uid_t=yes
ac_cv_working_alloca_h=yes
am_cv_CC_dependencies_compiler_type=gcc3
am_cv_CXX_dependencies_compiler_type=gcc3
lt_cv_deplibs_check_method=pass_all
lt_cv_file_magic_cmd='$MAGIC_CMD'
lt_cv_file_magic_test_file=
lt_cv_ld_reload_flag=-r
lt_cv_objdir=.libs
lt_cv_path_LD=/usr/bin/ld
lt_cv_path_LDCXX='/usr/bin/ld -m elf_x86_64'
lt_cv_path_NM='/usr/bin/nm -B'
lt_cv_path_SED=/bin/sed
lt_cv_prog_compiler_c_o=yes
lt_cv_prog_compiler_c_o_CXX=yes
lt_cv_prog_compiler_pic_works=yes
lt_cv_prog_compiler_pic_works_CXX=yes
lt_cv_prog_compiler_rtti_exceptions=no
lt_cv_prog_compiler_static_works=yes
lt_cv_prog_compiler_static_works_CXX=yes
lt_cv_prog_gnu_ld=yes
lt_cv_prog_gnu_ldcxx=yes
lt_cv_sys_global_symbol_pipe='sed -n -e '\''s/^.*[ 	]\([ABCDGIRSTW][ABCDGIRSTW]*\)[ 	][ 	]*\([_A-Za-z][_A-Za-z0-9]*\)$/\1 \2 \2/p'\'''
lt_cv_sys_global_symbol_to_c_name_address='sed -n -e '\''s/^: \([^ ]*\) $/  {\"\1\", (lt_ptr) 0},/p'\'' -e '\''s/^[BCDEGRST] \([^ ]*\) \([^ ]*\)$/  {"\2", (lt_ptr) \&\2},/p'\'''
lt_cv_sys_global_symbol_to_cdecl='sed -n -e '\''s/^. .* \(.*\)$/extern int \1;/p'\'''
lt_cv_sys_lib_dlsearch_path_spec='/lib /usr/lib /usr/local/lib /usr/lib /lib32 /usr/lib32 '
lt_cv_sys_lib_search_path_spec='/usr/lib/gcc/x86_64-linux-gnu/4.4.5 /usr/lib /lib'
lt_cv_sys_max_cmd_len=1572864
lt_lt_cv_prog_compiler_c_o='"yes"'
lt_lt_cv_prog_compiler_c_o_CXX='"yes"'
lt_lt_cv_sys_global_symbol_pipe='"sed -n -e '\''s/^.*[ 	]\\([ABCDGIRSTW][ABCDGIRSTW]*\\)[ 	][ 	]*\\([_A-Za-z][_A-Za-z0-9]*\\)\$/\\1 \\2 \\2/p'\''"'
lt_lt_cv_sys_global_symbol_to_c_name_address='"sed -n -e '\''s/^: \\([^ ]*\\) \$/  {\\\"\\1\\\", (lt_ptr) 0},/p'\'' -e '\''s/^[BCDEGRST] \\([^ ]*\\) \\([^ ]*\\)\$/  {\"\\2\", (lt_ptr) \\&\\2},/p'\''"'
lt_lt_cv_sys_global_symbol_to_cdecl='"sed -n -e '\''s/^. .* \\(.*\\)\$/extern int \\1;/p'\''"'

## ----------------- ##
## Output variables. ##
## ----------------- ##

ACLOCAL='${SHELL} /home/nms/dev/hg/cwmp/build/missing --run aclocal-1.11'
ALLOCA=''
AMDEPBACKSLASH='\'
AMDEP_FALSE='#'
AMDEP_TRUE=''
AMTAR='${SHELL} /home/nms/dev/hg/cwmp/build/missing --run tar'
AR='ar'
AUTOCONF='${SHELL} /home/nms/dev/hg/cwmp/build/missing --run autoconf'
AUTOHEADER='${SHELL} /home/nms/dev/hg/cwmp/build/missing --run autoheader'
AUTOMAKE='${SHELL} /home/nms/dev/hg/cwmp/build/missing --run automake-1.11'
AWK='mawk'
BUILD_CPU='x86_64'
BUILD_OS='linux-gnu'
BUILD_VENDOR='unknown'
CC='gcc'
CCDEPMODE='depmode=gcc3'
CFLAGS='-Wall -g '
COMPILE_FOR_MIPS_FALSE=''
COMPILE_FOR_MIPS_TRUE='#'
CPP='gcc -E'
CPPFLAGS='-D_GNU_SOURCE -Wall -g'
CXX='g++'
CXXCPP='g++ -E'
CXXDEPMODE='depmode=gcc3'
CXXFLAGS='-g -O2'
CYGPATH_W='echo'
DEFS='-DHAVE_CONFIG_H'
DEPDIR='.deps'
DSYMUTIL=''
ECHO='echo'
ECHO_C=''
ECHO_N='-n'
ECHO_T=''
EGREP='/bin/grep -E'
EXEEXT=''
F77=''
FFLAGS=''
GREP='/bin/grep'
HOST_CPU='x86_64'
HOST_OS='linux-gnu'
HOST_VENDOR='unknown'
INSTALL_DATA='${INSTALL} -m 644'
INSTALL_PROGRAM='${INSTALL}'
INSTALL_SCRIPT='${INSTALL}'
INSTALL_STRIP_PROGRAM='$(install_sh) -c -s'
LDFLAGS=''
LIBOBJS=''
LIBS=''
LIBTOOL='$(SHELL) $(top_builddir)/libtool'
LN_S='ln -s'
LTLIBOBJS=''
MAKEINFO='${SHELL} /home/nms/dev/hg/cwmp/build/missing --run makeinfo'
MKDIR_P='/bin/mkdir -p'
NMEDIT=''
OBJEXT='o'
OPENSSL_DIR='no'
PACKAGE='library'
PACKAGE_BUGREPORT='support@itibia.com'
PACKAGE_NAME='library'
PACKAGE_STRING='library 1.0'
PACKAGE_TARNAME='library'
PACKAGE_URL=''
PACKAGE_VERSION='1.0'
PATH_SEPARATOR=':'
RANLIB='ranlib'
SED='/bin/sed'
SET_MAKE=''
SHELL='/bin/sh'
STRIP='strip'
VERSION='1.0'
ac_ct_CC='gcc'
ac_ct_CXX='g++'
ac_ct_F77=''
am__EXEEXT_FALSE=''
am__EXEEXT_TRUE='#'
am__fastdepCC_FALSE='#'
am__fastdepCC_TRUE=''
am__fastdepCXX_FALSE='#'
am__fastdepCXX_TRUE=''
am__include='include'
am__isrc=''
am__leading_dot='.'
am__quote=''
am__tar='${AMTAR} chof - "$$tardir"'
am__untar='${AMTAR} xf -'
bindir='${exec_prefix}/bin'
build='x86_64-unknown-linux-gnu'
build_alias=''
build_cpu='x86_64'
build_os='linux-gnu'
build_vendor='unknown'
datadir='${datarootdir}'
datarootdir='${prefix}/share'
docdir='${datarootdir}/doc/${PACKAGE_TARNAME}'
dvidir='${docdir}'
exec_prefix='${prefix}'
host='x86_64-unknown-linux-gnu'
host_alias=''
host_cpu='x86_64'
host_os='linux-gnu'
host_vendor='unknown'
htmldir='${docdir}'
includedir='${prefix}/include'
infodir='${datarootdir}/info'
install_sh='${SHELL} /home/nms/dev/hg/cwmp/build/install-sh'
libdir='${exec_prefix}/lib'
libexecdir='${exec_prefix}/libexec'
localedir='${datarootdir}/locale'
localstatedir='${prefix}/var'
mandir='${datarootdir}/man'
mkdir_p='/bin/mkdir -p'
oldincludedir='/usr/include'
pdfdir='${docdir}'
prefix='/usr/local'
program_transform_name='s,x,x,'
psdir='${docdir}'
sbindir='${exec_prefix}/sbin'
sharedstatedir='${prefix}/com'
sysconfdir='${prefix}/etc'
target_alias=''

## ----------- ##
## confdefs.h. ##
## ----------- ##

/* confdefs.h */
#define PACKAGE_NAME "library"
#define PACKAGE_TARNAME "library"
#define PACKAGE_VERSION "1.0"
#define PACKAGE_STRING "library 1.0"
#define PACKAGE_BUGREPORT "support@itibia.com"
#define PACKAGE_URL ""
#define PACKAGE "library"
#define VERSION "1.0"
#define STDC_HEADERS 1
#define HAVE_SYS_TYPES_H 1
#define HAVE_SYS_STAT_H 1
#define HAVE_STDLIB_H 1
#define HAVE_STRING_H 1
#define HAVE_MEMORY_H 1
#define HAVE_STRINGS_H 1
#define HAVE_INTTYPES_H 1
#define HAVE_STDINT_H 1
#define HAVE_UNISTD_H 1
#define HAVE_DLFCN_H 1
#define HAVE_DIRENT_H 1
#define STDC_HEADERS 1
#define HAVE_SYS_WAIT_H 1
#define HAVE_ARPA_INET_H 1
#define HAVE_FCNTL_H 1
#define HAVE_INTTYPES_H 1
#define HAVE_MALLOC_H 1
#define HAVE_NETDB_H 1
#define HAVE_NETINET_IN_H 1
#define HAVE_STDINT_H 1
#define HAVE_STDLIB_H 1
#define HAVE_STRING_H 1
#define HAVE_STRINGS_H 1
#define HAVE_SYS_IOCTL_H 1
#define HAVE_SYS_SOCKET_H 1
#define HAVE_SYS_TIME_H 1
#define HAVE_SYSLOG_H 1
#define HAVE_UNISTD_H 1
#define HAVE__BOOL 1
#define HAVE_STDBOOL_H 1
#define HAVE_ALLOCA_H 1
#define HAVE_ALLOCA 1
#define HAVE_UNISTD_H 1
#define HAVE_CHOWN 1
#define HAVE_FORK 1
#define HAVE_VFORK 1
#define HAVE_WORKING_VFORK 1
#define HAVE_WORKING_FORK 1
#define HAVE_SYS_SELECT_H 1
#define HAVE_SYS_SOCKET_H 1
#define SELECT_TYPE_ARG1 int
#define SELECT_TYPE_ARG234 (fd_set *)
#define SELECT_TYPE_ARG5 (struct timeval *)
#define RETSIGTYPE void
#define LSTAT_FOLLOWS_SLASHED_SYMLINK 1
#define HAVE_STRFTIME 1
#define SIZEOF_INT 4
#define SIZEOF_SHORT 2
#define SIZEOF_LONG 8
#define SIZEOF_FLOAT 4
#define SIZEOF_DOUBLE 8
#define HAVE_ALARM 1
#define HAVE_BZERO 1
#define HAVE_ENDGRENT 1
#define HAVE_ENDPWENT 1
#define HAVE_GETCWD 1
#define HAVE_GETHOSTBYNAME 1
#define HAVE_INET_NTOA 1
#define HAVE_ISASCII 1
#define HAVE_LOCALTIME_R 1
#define HAVE_MEMMOVE 1
#define HAVE_MEMSET 1
#define HAVE_MKDIR 1
#define HAVE_REGCOMP 1
#define HAVE_SELECT 1
#define HAVE_SOCKET 1
#define HAVE_STRCASECMP 1
#define HAVE_STRCHR 1
#define HAVE_STRCSPN 1
#define HAVE_STRDUP 1
#define HAVE_STRERROR 1
#define HAVE_STRNCASECMP 1
#define HAVE_STRRCHR 1
#define HAVE_STRSPN 1
#define HAVE_STRSTR 1
#define BUILD_CPU x86_64
#define BUILD_VENDOR unknown
#define BUILD_OS linux-gnu
#define HOST_CPU x86_64
#define HOST_VENDOR unknown
#define HOST_OS linux-gnu

configure: exit 0

## ---------------------- ##
## Running config.status. ##
## ---------------------- ##

This file was extended by library config.status 1.0, which was
generated by GNU Autoconf 2.67.  Invocation command line was

  CONFIG_FILES    = 
  CONFIG_HEADERS  = 
  CONFIG_LINKS    = 
  CONFIG_COMMANDS = 
  $ ./config.status config.h

on devsrv

config.status:969: creating config.h
